2026-04-30T11:38:33.362807Z  INFO surrealdb::core::kvs::ds: Starting kvs store in memory
2026-04-30T11:38:33.364235Z  INFO surrealdb::core::kvs::ds: Started kvs store in memory
2026-04-30T11:41:21.758543Z  INFO rin_cli: Background engine spinning up with config: ConfigPayload { rpc_url: "ws://127.0.0.1:8545", contract_address: "", event_signature: "Transfer(address,address,uint256)", start_block: 0 }
2026-04-30T11:41:21.759799Z ERROR rin_cli: Log fetching failed err=Failed to connect to RPC node: could not fetch chain ID

Caused by:
    0: builder error for url (ws://127.0.0.1:8545/)
    1: builder error for url (ws://127.0.0.1:8545/)
    2: URL scheme is not allowed

Stack backtrace:
   0: std::backtrace_rs::backtrace::win64::trace
             at /rustc/01f6ddf7588f42ae2d7eb0a2f21d44e8e96674cf/library\std\src\..\..\backtrace\src\backtrace\win64.rs:85
   1: std::backtrace_rs::backtrace::trace_unsynchronized
             at /rustc/01f6ddf7588f42ae2d7eb0a2f21d44e8e96674cf/library\std\src\..\..\backtrace\src\backtrace\mod.rs:66
   2: std::backtrace::Backtrace::create
             at /rustc/01f6ddf7588f42ae2d7eb0a2f21d44e8e96674cf/library\std\src\backtrace.rs:331
   3: std::backtrace::Backtrace::capture
             at /rustc/01f6ddf7588f42ae2d7eb0a2f21d44e8e96674cf/library\std\src\backtrace.rs:296
   4: anyhow::context::ext::impl$0::ext_context<enum2$<alloy_json_rpc::error::RpcError<enum2$<alloy_transport::error::TransportErrorKind>,alloc::boxed::Box<serde_json::raw::RawValue,alloc::alloc::Global> > >,ref$<str$> >
             at P:\cache\cargo\registry\src\index.crates.io-1949cf8c6b5b557f\anyhow-1.0.102\src\backtrace.rs:10
   5: anyhow::context::impl$0::context<u64,enum2$<alloy_json_rpc::error::RpcError<enum2$<alloy_transport::error::TransportErrorKind>,alloc::boxed::Box<serde_json::raw::RawValue,alloc::alloc::Global> > >,ref$<str$> >
             at P:\cache\cargo\registry\src\index.crates.io-1949cf8c6b5b557f\anyhow-1.0.102\src\context.rs:54
   6: rin_core::indexer::fetcher::impl$0::fetch_logs::async_fn$0
             at .\crates\core\src\indexer\fetcher.rs:43
   7: rin_cli::main::async_block$0::async_block$0
             at .\apps\cli\src\main.rs:33
   8: tokio::runtime::task::core::impl$6::poll::closure$0<enum2$<rin_cli::main::async_block$0::async_block_env$0>,alloc::sync::Arc<tokio::runtime::scheduler::multi_thread::handle::Handle,alloc::alloc::Global> >
             at P:\cache\cargo\registry\src\index.crates.io-1949cf8c6b5b557f\tokio-1.52.1\src\runtime\task\core.rs:375
   9: tokio::loom::std::unsafe_cell::UnsafeCell<enum2$<tokio::runtime::task::core::Stage<enum2$<rin_cli::main::async_block$0::async_block_env$0> > > >::with_mut
             at P:\cache\cargo\registry\src\index.crates.io-1949cf8c6b5b557f\tokio-1.52.1\src\loom\std\unsafe_cell.rs:16
  10: tokio::runtime::task::core::Core<enum2$<rin_cli::main::async_block$0::async_block_env$0>,alloc::sync::Arc<tokio::runtime::scheduler::multi_thread::handle::Handle,alloc::alloc::Global> >::poll<enum2$<rin_cli::main::async_block$0::async_block_env$0>,alloc::s
             at P:\cache\cargo\registry\src\index.crates.io-1949cf8c6b5b557f\tokio-1.52.1\src\runtime\task\core.rs:364
  11: tokio::runtime::task::harness::poll_future::closure$0<enum2$<rin_cli::main::async_block$0::async_block_env$0>,alloc::sync::Arc<tokio::runtime::scheduler::multi_thread::handle::Handle,alloc::alloc::Global> >
             at P:\cache\cargo\registry\src\index.crates.io-1949cf8c6b5b557f\tokio-1.52.1\src\runtime\task\harness.rs:535
  12: core::panic::unwind_safe::impl$25::call_once<enum2$<core::task::poll::Poll<tuple$<> > >,tokio::runtime::task::harness::poll_future::closure_env$0<enum2$<rin_cli::main::async_block$0::async_block_env$0>,alloc::sync::Arc<tokio::runtime::scheduler::multi_thre
             at C:\Users\Nine\scoop\persist\rustup\.rustup\toolchains\stable-x86_64-pc-windows-msvc\lib\rustlib\src\rust\library\core\src\panic\unwind_safe.rs:274
  13: std::panicking::catch_unwind::do_call<core::panic::unwind_safe::AssertUnwindSafe<tokio::runtime::task::harness::poll_future::closure_env$0<enum2$<rin_cli::main::async_block$0::async_block_env$0>,alloc::sync::Arc<tokio::runtime::scheduler::multi_thread::han
             at C:\Users\Nine\scoop\persist\rustup\.rustup\toolchains\stable-x86_64-pc-windows-msvc\lib\rustlib\src\rust\library\std\src\panicking.rs:581
  14: tokio::runtime::task::harness::Harness<enum2$<rin_cli::main::async_block$0::async_block_env$0>,alloc::sync::Arc<tokio::runtime::scheduler::current_thread::Handle,alloc::alloc::Global> >::shutdown<enum2$<rin_cli::main::async_block$0::async_block_env$0>,allo
  15: std::panicking::catch_unwind
             at C:\Users\Nine\scoop\persist\rustup\.rustup\toolchains\stable-x86_64-pc-windows-msvc\lib\rustlib\src\rust\library\std\src\panicking.rs:544
  16: std::panic::catch_unwind
             at C:\Users\Nine\scoop\persist\rustup\.rustup\toolchains\stable-x86_64-pc-windows-msvc\lib\rustlib\src\rust\library\std\src\panic.rs:359
  17: tokio::runtime::task::harness::poll_future<enum2$<rin_cli::main::async_block$0::async_block_env$0>,alloc::sync::Arc<tokio::runtime::scheduler::multi_thread::handle::Handle,alloc::alloc::Global> >
             at P:\cache\cargo\registry\src\index.crates.io-1949cf8c6b5b557f\tokio-1.52.1\src\runtime\task\harness.rs:523
  18: tokio::runtime::task::harness::Harness<enum2$<rin_cli::main::async_block$0::async_block_env$0>,alloc::sync::Arc<tokio::runtime::scheduler::multi_thread::handle::Handle,alloc::alloc::Global> >::poll_inner<enum2$<rin_cli::main::async_block$0::async_block_env
             at P:\cache\cargo\registry\src\index.crates.io-1949cf8c6b5b557f\tokio-1.52.1\src\runtime\task\harness.rs:210
  19: tokio::runtime::task::harness::Harness<enum2$<rin_cli::main::async_block$0::async_block_env$0>,alloc::sync::Arc<tokio::runtime::scheduler::multi_thread::handle::Handle,alloc::alloc::Global> >::poll<enum2$<rin_cli::main::async_block$0::async_block_env$0>,al
             at P:\cache\cargo\registry\src\index.crates.io-1949cf8c6b5b557f\tokio-1.52.1\src\runtime\task\harness.rs:155
  20: tokio::runtime::task::raw::poll<enum2$<rin_cli::main::async_block$0::async_block_env$0>,alloc::sync::Arc<tokio::runtime::scheduler::multi_thread::handle::Handle,alloc::alloc::Global> >
             at P:\cache\cargo\registry\src\index.crates.io-1949cf8c6b5b557f\tokio-1.52.1\src\runtime\task\raw.rs:337
  21: tokio::runtime::task::raw::RawTask::poll
             at P:\cache\cargo\registry\src\index.crates.io-1949cf8c6b5b557f\tokio-1.52.1\src\runtime\task\raw.rs:267
  22: tokio::runtime::task::LocalNotified<alloc::sync::Arc<tokio::runtime::scheduler::multi_thread::handle::Handle,alloc::alloc::Global> >::run
             at P:\cache\cargo\registry\src\index.crates.io-1949cf8c6b5b557f\tokio-1.52.1\src\runtime\task\mod.rs:515
  23: tokio::runtime::scheduler::multi_thread::worker::impl$1::run_task::closure$0
             at P:\cache\cargo\registry\src\index.crates.io-1949cf8c6b5b557f\tokio-1.52.1\src\runtime\scheduler\multi_thread\worker.rs:676
  24: tokio::task::coop::with_budget
             at P:\cache\cargo\registry\src\index.crates.io-1949cf8c6b5b557f\tokio-1.52.1\src\task\coop\mod.rs:167
  25: tokio::task::coop::budget
             at P:\cache\cargo\registry\src\index.crates.io-1949cf8c6b5b557f\tokio-1.52.1\src\task\coop\mod.rs:133
  26: tokio::runtime::scheduler::multi_thread::worker::Context::run_task
             at P:\cache\cargo\registry\src\index.crates.io-1949cf8c6b5b557f\tokio-1.52.1\src\runtime\scheduler\multi_thread\worker.rs:667
  27: tokio::runtime::scheduler::multi_thread::worker::Context::run
             at P:\cache\cargo\registry\src\index.crates.io-1949cf8c6b5b557f\tokio-1.52.1\src\runtime\scheduler\multi_thread\worker.rs:577
  28: tokio::runtime::scheduler::multi_thread::worker::run::closure$0::closure$0
             at P:\cache\cargo\registry\src\index.crates.io-1949cf8c6b5b557f\tokio-1.52.1\src\runtime\scheduler\multi_thread\worker.rs:542
  29: tokio::runtime::context::scoped::Scoped<enum2$<tokio::runtime::scheduler::Context> >::set<enum2$<tokio::runtime::scheduler::Context>,tokio::runtime::scheduler::multi_thread::worker::run::closure$0::closure_env$0,tuple$<> >
             at P:\cache\cargo\registry\src\index.crates.io-1949cf8c6b5b557f\tokio-1.52.1\src\runtime\context\scoped.rs:40
  30: tokio::runtime::context::set_scheduler::closure$0
             at P:\cache\cargo\registry\src\index.crates.io-1949cf8c6b5b557f\tokio-1.52.1\src\runtime\context.rs:181
  31: std::thread::local::LocalKey<tokio::runtime::context::Context>::try_with
             at C:\Users\Nine\scoop\persist\rustup\.rustup\toolchains\stable-x86_64-pc-windows-msvc\lib\rustlib\src\rust\library\std\src\thread\local.rs:513
  32: std::thread::local::LocalKey<tokio::runtime::context::Context>::with
             at C:\Users\Nine\scoop\persist\rustup\.rustup\toolchains\stable-x86_64-pc-windows-msvc\lib\rustlib\src\rust\library\std\src\thread\local.rs:477
  33: tokio::runtime::context::set_scheduler
             at P:\cache\cargo\registry\src\index.crates.io-1949cf8c6b5b557f\tokio-1.52.1\src\runtime\context.rs:181
  34: tokio::runtime::scheduler::multi_thread::worker::run::closure$0
             at P:\cache\cargo\registry\src\index.crates.io-1949cf8c6b5b557f\tokio-1.52.1\src\runtime\scheduler\multi_thread\worker.rs:537
  35: tokio::runtime::context::runtime::enter_runtime<tokio::runtime::scheduler::multi_thread::worker::run::closure_env$0,tuple$<> >
             at P:\cache\cargo\registry\src\index.crates.io-1949cf8c6b5b557f\tokio-1.52.1\src\runtime\context\runtime.rs:65
  36: tokio::runtime::scheduler::multi_thread::worker::run
             at P:\cache\cargo\registry\src\index.crates.io-1949cf8c6b5b557f\tokio-1.52.1\src\runtime\scheduler\multi_thread\worker.rs:529
  37: tokio::runtime::scheduler::multi_thread::worker::impl$0::launch::closure$0
             at P:\cache\cargo\registry\src\index.crates.io-1949cf8c6b5b557f\tokio-1.52.1\src\runtime\scheduler\multi_thread\worker.rs:495
  38: tokio::runtime::blocking::task::impl$2::poll
             at P:\cache\cargo\registry\src\index.crates.io-1949cf8c6b5b557f\tokio-1.52.1\src\runtime\blocking\task.rs:42
  39: tokio::runtime::task::core::impl$6::poll::closure$0
             at P:\cache\cargo\registry\src\index.crates.io-1949cf8c6b5b557f\tokio-1.52.1\src\runtime\task\core.rs:375
  40: tokio::loom::std::unsafe_cell::UnsafeCell<enum2$<tokio::runtime::task::core::Stage<tokio::runtime::blocking::task::BlockingTask<tokio::runtime::scheduler::multi_thread::worker::impl$0::launch::closure_env$0> > > >::with_mut
             at P:\cache\cargo\registry\src\index.crates.io-1949cf8c6b5b557f\tokio-1.52.1\src\loom\std\unsafe_cell.rs:16
  41: tokio::runtime::task::core::Core<tokio::runtime::blocking::task::BlockingTask<tokio::runtime::scheduler::multi_thread::worker::impl$0::launch::closure_env$0>,tokio::runtime::blocking::schedule::BlockingSchedule>::poll<tokio::runtime::blocking::task::Blocki
             at P:\cache\cargo\registry\src\index.crates.io-1949cf8c6b5b557f\tokio-1.52.1\src\runtime\task\core.rs:364
  42: tokio::runtime::task::harness::poll_future::closure$0
             at P:\cache\cargo\registry\src\index.crates.io-1949cf8c6b5b557f\tokio-1.52.1\src\runtime\task\harness.rs:535
  43: core::panic::unwind_safe::impl$25::call_once
             at C:\Users\Nine\scoop\persist\rustup\.rustup\toolchains\stable-x86_64-pc-windows-msvc\lib\rustlib\src\rust\library\core\src\panic\unwind_safe.rs:274
  44: std::panicking::catch_unwind::do_call
             at C:\Users\Nine\scoop\persist\rustup\.rustup\toolchains\stable-x86_64-pc-windows-msvc\lib\rustlib\src\rust\library\std\src\panicking.rs:581
  45: std::panicking::catch_unwind
             at C:\Users\Nine\scoop\persist\rustup\.rustup\toolchains\stable-x86_64-pc-windows-msvc\lib\rustlib\src\rust\library\std\src\panicking.rs:544
  46: std::panic::catch_unwind
             at C:\Users\Nine\scoop\persist\rustup\.rustup\toolchains\stable-x86_64-pc-windows-msvc\lib\rustlib\src\rust\library\std\src\panic.rs:359
  47: tokio::runtime::task::harness::poll_future
             at P:\cache\cargo\registry\src\index.crates.io-1949cf8c6b5b557f\tokio-1.52.1\src\runtime\task\harness.rs:523
  48: tokio::runtime::task::harness::Harness<tokio::runtime::blocking::task::BlockingTask<tokio::runtime::scheduler::multi_thread::worker::impl$0::launch::closure_env$0>,tokio::runtime::blocking::schedule::BlockingSchedule>::poll_inner
             at P:\cache\cargo\registry\src\index.crates.io-1949cf8c6b5b557f\tokio-1.52.1\src\runtime\task\harness.rs:210
  49: tokio::runtime::task::harness::Harness<tokio::runtime::blocking::task::BlockingTask<tokio::runtime::scheduler::multi_thread::worker::impl$0::launch::closure_env$0>,tokio::runtime::blocking::schedule::BlockingSchedule>::poll<tokio::runtime::blocking::task::
             at P:\cache\cargo\registry\src\index.crates.io-1949cf8c6b5b557f\tokio-1.52.1\src\runtime\task\harness.rs:155
  50: tokio::runtime::task::raw::RawTask::poll
             at P:\cache\cargo\registry\src\index.crates.io-1949cf8c6b5b557f\tokio-1.52.1\src\runtime\task\raw.rs:267
  51: tokio::runtime::task::UnownedTask<tokio::runtime::blocking::schedule::BlockingSchedule>::run
             at P:\cache\cargo\registry\src\index.crates.io-1949cf8c6b5b557f\tokio-1.52.1\src\runtime\task\mod.rs:552
  52: tokio::runtime::blocking::pool::Task::run
             at P:\cache\cargo\registry\src\index.crates.io-1949cf8c6b5b557f\tokio-1.52.1\src\runtime\blocking\pool.rs:161
  53: tokio::runtime::blocking::pool::Inner::run
             at P:\cache\cargo\registry\src\index.crates.io-1949cf8c6b5b557f\tokio-1.52.1\src\runtime\blocking\pool.rs:518
  54: tokio::runtime::blocking::pool::impl$6::spawn_thread::closure$0
             at P:\cache\cargo\registry\src\index.crates.io-1949cf8c6b5b557f\tokio-1.52.1\src\runtime\blocking\pool.rs:474
  55: std::sys::backtrace::__rust_begin_short_backtrace<tokio::runtime::blocking::pool::impl$6::spawn_thread::closure_env$0,tuple$<> >
             at C:\Users\Nine\scoop\persist\rustup\.rustup\toolchains\stable-x86_64-pc-windows-msvc\lib\rustlib\src\rust\library\std\src\sys\backtrace.rs:160
  56: std::thread::lifecycle::spawn_unchecked::closure$1::closure$0
             at C:\Users\Nine\scoop\persist\rustup\.rustup\toolchains\stable-x86_64-pc-windows-msvc\lib\rustlib\src\rust\library\std\src\thread\lifecycle.rs:92
  57: core::panic::unwind_safe::impl$25::call_once
             at C:\Users\Nine\scoop\persist\rustup\.rustup\toolchains\stable-x86_64-pc-windows-msvc\lib\rustlib\src\rust\library\core\src\panic\unwind_safe.rs:274
  58: std::panicking::catch_unwind::do_call
             at C:\Users\Nine\scoop\persist\rustup\.rustup\toolchains\stable-x86_64-pc-windows-msvc\lib\rustlib\src\rust\library\std\src\panicking.rs:581
  59: std::panicking::catch_unwind
             at C:\Users\Nine\scoop\persist\rustup\.rustup\toolchains\stable-x86_64-pc-windows-msvc\lib\rustlib\src\rust\library\std\src\panicking.rs:544
  60: std::panic::catch_unwind
             at C:\Users\Nine\scoop\persist\rustup\.rustup\toolchains\stable-x86_64-pc-windows-msvc\lib\rustlib\src\rust\library\std\src\panic.rs:359
  61: std::thread::lifecycle::spawn_unchecked::closure$1
             at C:\Users\Nine\scoop\persist\rustup\.rustup\toolchains\stable-x86_64-pc-windows-msvc\lib\rustlib\src\rust\library\std\src\thread\lifecycle.rs:90
  62: core::ops::function::FnOnce::call_once<std::thread::lifecycle::spawn_unchecked::closure_env$1<tokio::runtime::blocking::pool::impl$6::spawn_thread::closure_env$0,tuple$<> >,tuple$<> >
             at C:\Users\Nine\scoop\persist\rustup\.rustup\toolchains\stable-x86_64-pc-windows-msvc\lib\rustlib\src\rust\library\core\src\ops\function.rs:250
  63: std::sys::thread::windows::impl$0::new::thread_start
             at /rustc/01f6ddf7588f42ae2d7eb0a2f21d44e8e96674cf/library\std\src\sys\thread\windows.rs:59
  64: BaseThreadInitThunk
  65: RtlUserThreadStart
